IbSamUtils/build/intermediates/manifest_merge_blame_file/debug/manifest-merger-blame-debug-report.txt
1<?xml version="1.0" encoding="utf-8"?>
2<manifest xmlns:android="http://schemas.android.com/apk/res/android"
3    package="com.ibsamapps.zorautils" >
4
5    <uses-sdk
6        android:minSdkVersion="19"
6-->src\main\AndroidManifest.xml
7        android:targetSdkVersion="32" />
7-->src\main\AndroidManifest.xml
8
9    <uses-permission android:name="android.permission.ACCESS_NETWORK_STATE" />
9-->src\main\AndroidManifest.xml:5:5-79
9-->src\main\AndroidManifest.xml:5:22-76
10    <uses-permission android:name="android.permission.INTERNET" />
10-->src\main\AndroidManifest.xml:6:5-67
10-->src\main\AndroidManifest.xml:6:22-64
11    <uses-permission android:name="android.permission.ACCESS_WIFI_STATE" />
11-->src\main\AndroidManifest.xml:7:5-76
11-->src\main\AndroidManifest.xml:7:22-73
12
13    <application>
13-->src\main\AndroidManifest.xml:9:5-16:19
14        <activity
14-->src\main\AndroidManifest.xml:10:9-12:40
15            android:name="com.ibsamapps.zorautils.PrivacyActivity"
15-->src\main\AndroidManifest.xml:11:13-44
16            android:exported="false" />
16-->src\main\AndroidManifest.xml:12:13-37
17        <activity
17-->src\main\AndroidManifest.xml:13:9-15:40
18            android:name="com.ibsamapps.zorautils.NoConnection"
18-->src\main\AndroidManifest.xml:14:13-41
19            android:exported="false" />
19-->src\main\AndroidManifest.xml:15:13-37
20    </application>
21
22</manifest>